#
# There is insufficient memory for the Java Runtime Environment to continue.
# Native memory allocation (malloc) failed to allocate 1094928 bytes for Chunk::new
# Possible reasons:
#   The system is out of physical RAM or swap space
#   The process is running with CompressedOops enabled, and the Java Heap may be blocking the growth of the native heap
# Possible solutions:
#   Reduce memory load on the system
#   Increase physical memory or swap space
#   Check if swap backing store is full
#   Decrease Java heap size (-Xmx/-Xms)
#   Decrease number of Java threads
#   Decrease Java thread stack sizes (-Xss)
#   Set larger code cache with -XX:ReservedCodeCacheSize=
#   JVM is running with Unscaled Compressed Oops mode in which the Java heap is
#     placed in the first 4GB address space. The Java Heap base address is the
#     maximum limit for the native heap growth. Please use -XX:HeapBaseMinAddress
#     to set the Java Heap base and to place the Java Heap above 4GB virtual address.
# This output file may be truncated or incomplete.
#
#  Out of Memory Error (allocation.cpp:389), pid=10632, tid=0x0000000000001364
#
# JRE version: OpenJDK Runtime Environment (8.0_242-b01) (build 1.8.0_242-release-1644-b01)
# Java VM: OpenJDK 64-Bit Server VM (25.242-b01 mixed mode windows-amd64 compressed oops)
# Failed to write core dump. Minidumps are not enabled by default on client versions of Windows
#

---------------  T H R E A D  ---------------

Current thread (0x0000000019c78000):  JavaThread "C2 CompilerThread0" daemon [_thread_in_native, id=4964, stack(0x000000001b1c0000,0x000000001b2c0000)]

Stack: [0x000000001b1c0000,0x000000001b2c0000]
[error occurred during error reporting (printing stack bounds), id 0xc0000005]

Native frames: (J=compiled Java code, j=interpreted, Vv=VM code, C=native code)


Current CompileTask:
C2:3245948 41485       4       com.android.tools.r8.ir.conversion.o::a (1153 bytes)


---------------  P R O C E S S  ---------------

Java Threads: ( => current thread )
  0x000000001fa0b000 JavaThread "WorkerExecutor Queue Thread 11" [_thread_blocked, id=15340, stack(0x000000003e9e0000,0x000000003eae0000)]
  0x000000001fa02000 JavaThread "stdout" [_thread_in_native, id=6480, stack(0x000000003e3a0000,0x000000003e4a0000)]
  0x000000001fa07000 JavaThread "stderr" [_thread_in_native, id=12140, stack(0x000000003e2a0000,0x000000003e3a0000)]
  0x000000001fa01000 JavaThread "stdout" [_thread_in_native, id=15064, stack(0x000000003e1a0000,0x000000003e2a0000)]
  0x000000001fa00800 JavaThread "stderr" [_thread_in_native, id=8916, stack(0x000000003e0a0000,0x000000003e1a0000)]
  0x000000001fa03800 JavaThread "stdout" [_thread_in_native, id=20180, stack(0x000000003dfa0000,0x000000003e0a0000)]
  0x000000001fa02800 JavaThread "stderr" [_thread_in_native, id=9000, stack(0x000000003dea0000,0x000000003dfa0000)]
  0x000000001fa04000 JavaThread "stdout" [_thread_in_native, id=18476, stack(0x000000003dda0000,0x000000003dea0000)]
  0x000000001f9ff800 JavaThread "stderr" [_thread_in_native, id=19120, stack(0x000000003dca0000,0x000000003dda0000)]
  0x000000001fa05800 JavaThread "stdout" [_thread_in_native, id=17380, stack(0x000000003dba0000,0x000000003dca0000)]
  0x000000001c180000 JavaThread "stderr" [_thread_in_native, id=1252, stack(0x000000003daa0000,0x000000003dba0000)]
  0x000000001c17d000 JavaThread "stdout" [_thread_in_native, id=11868, stack(0x000000003d9a0000,0x000000003daa0000)]
  0x000000001c17f000 JavaThread "stderr" [_thread_in_native, id=16432, stack(0x000000003d8a0000,0x000000003d9a0000)]
  0x000000001c17e800 JavaThread "stdout" [_thread_in_native, id=8276, stack(0x000000003d7a0000,0x000000003d8a0000)]
  0x000000001c183000 JavaThread "stderr" [_thread_in_native, id=12772, stack(0x000000003d6a0000,0x000000003d7a0000)]
  0x000000001c181800 JavaThread "stdout" [_thread_in_native, id=9328, stack(0x000000003d5a0000,0x000000003d6a0000)]
  0x000000001c32a000 JavaThread "stderr" [_thread_in_native, id=6344, stack(0x000000003d4a0000,0x000000003d5a0000)]
  0x000000001c32d000 JavaThread "pool-60-thread-1" [_thread_blocked, id=12668, stack(0x000000003d3a0000,0x000000003d4a0000)]
  0x000000001c329000 JavaThread "WorkerExecutor Queue Thread 10" [_thread_blocked, id=13160, stack(0x000000003d2a0000,0x000000003d3a0000)]
  0x000000001c327800 JavaThread "WorkerExecutor Queue Thread 9" [_thread_blocked, id=20816, stack(0x000000003d1a0000,0x000000003d2a0000)]
  0x000000001c32b800 JavaThread "WorkerExecutor Queue Thread 8" [_thread_blocked, id=11504, stack(0x000000003d0a0000,0x000000003d1a0000)]
  0x000000001c327000 JavaThread "WorkerExecutor Queue Thread 6" [_thread_blocked, id=12376, stack(0x000000003cea0000,0x000000003cfa0000)]
  0x0000000022680800 JavaThread "WorkerExecutor Queue Thread 5" [_thread_blocked, id=9892, stack(0x000000003cda0000,0x000000003cea0000)]
  0x0000000022679000 JavaThread "WorkerExecutor Queue Thread 4" [_thread_blocked, id=14288, stack(0x000000003cca0000,0x000000003cda0000)]
  0x0000000022680000 JavaThread "WorkerExecutor Queue Thread 3" [_thread_blocked, id=17236, stack(0x000000003cba0000,0x000000003cca0000)]
  0x0000000022677800 JavaThread "WorkerExecutor Queue Thread 2" [_thread_blocked, id=21336, stack(0x000000003caa0000,0x000000003cba0000)]
  0x000000002267c000 JavaThread "WorkerExecutor Queue" [_thread_blocked, id=5636, stack(0x000000003c8a0000,0x000000003c9a0000)]
  0x0000000026674000 JavaThread "Cache worker for execution history cache (E:\music\.gradle\6.5\executionHistory)" [_thread_blocked, id=11644, stack(0x000000003c7a0000,0x000000003c8a0000)]
  0x0000000026672800 JavaThread "Execution worker for ':' Thread 11" [_thread_blocked, id=15316, stack(0x000000003c6a0000,0x000000003c7a0000)]
  0x0000000026672000 JavaThread "Execution worker for ':' Thread 10" [_thread_blocked, id=4664, stack(0x000000003c5a0000,0x000000003c6a0000)]
  0x0000000026671000 JavaThread "Execution worker for ':' Thread 9" [_thread_blocked, id=17168, stack(0x000000003bdd0000,0x000000003bed0000)]
  0x0000000026673800 JavaThread "Execution worker for ':' Thread 8" [_thread_blocked, id=21436, stack(0x000000003bcd0000,0x000000003bdd0000)]
  0x0000000026676800 JavaThread "Execution worker for ':' Thread 7" [_thread_blocked, id=8728, stack(0x000000003bbd0000,0x000000003bcd0000)]
  0x0000000026677000 JavaThread "Execution worker for ':' Thread 6" [_thread_blocked, id=16720, stack(0x000000003bad0000,0x000000003bbd0000)]
  0x0000000026675800 JavaThread "Execution worker for ':' Thread 5" [_thread_blocked, id=16964, stack(0x000000003b9d0000,0x000000003bad0000)]
  0x0000000021bf6800 JavaThread "Execution worker for ':' Thread 4" [_thread_blocked, id=1312, stack(0x000000003b8d0000,0x000000003b9d0000)]
  0x0000000021bfd800 JavaThread "Execution worker for ':' Thread 3" [_thread_blocked, id=1504, stack(0x000000003b7d0000,0x000000003b8d0000)]
  0x0000000021bfc800 JavaThread "Execution worker for ':' Thread 2" [_thread_blocked, id=10728, stack(0x000000003b6d0000,0x000000003b7d0000)]
  0x0000000021bfb000 JavaThread "Execution worker for ':'" [_thread_blocked, id=13456, stack(0x0000000037c00000,0x0000000037d00000)]
  0x0000000021bfc000 JavaThread "Cache worker for file content cache (E:\music\.gradle\6.5\fileContent)" [_thread_blocked, id=1824, stack(0x00000000330f0000,0x00000000331f0000)]
  0x0000000021bf9000 JavaThread "Cache worker for Build Output Cleanup Cache (E:\music\.gradle\buildOutputCleanup)" [_thread_blocked, id=19972, stack(0x00000000329f0000,0x0000000032af0000)]
  0x0000000021bef000 JavaThread "jar transforms Thread 1472" [_thread_blocked, id=7968, stack(0x00000000328f0000,0x00000000329f0000)]
  0x0000000021bf6000 JavaThread "jar transforms Thread 1471" [_thread_blocked, id=12304, stack(0x00000000327f0000,0x00000000328f0000)]
  0x0000000021bf3800 JavaThread "jar transforms Thread 1470" [_thread_blocked, id=11372, stack(0x00000000322a0000,0x00000000323a0000)]
  0x0000000021bf3000 JavaThread "jar transforms Thread 1469" [_thread_blocked, id=13500, stack(0x00000000321a0000,0x00000000322a0000)]
  0x0000000021bee800 JavaThread "jar transforms Thread 1468" [_thread_blocked, id=13600, stack(0x00000000320a0000,0x00000000321a0000)]
  0x0000000021bf1800 JavaThread "jar transforms Thread 1467" [_thread_blocked, id=8744, stack(0x0000000031fa0000,0x00000000320a0000)]
  0x0000000021bf5000 JavaThread "jar transforms Thread 1466" [_thread_blocked, id=4304, stack(0x0000000031ea0000,0x0000000031fa0000)]
  0x00000000222bf800 JavaThread "jar transforms Thread 1465" [_thread_blocked, id=8740, stack(0x000000002f380000,0x000000002f480000)]
  0x00000000222b8000 JavaThread "jar transforms Thread 1464" [_thread_blocked, id=13028, stack(0x000000002ee80000,0x000000002ef80000)]
  0x00000000222be800 JavaThread "jar transforms Thread 1463" [_thread_blocked, id=16008, stack(0x000000002d020000,0x000000002d120000)]
  0x00000000222b7000 JavaThread "jar transforms Thread 1462" [_thread_blocked, id=5436, stack(0x000000002cd10000,0x000000002ce10000)]
  0x00000000222be000 JavaThread "jar transforms Thread 1461" [_thread_blocked, id=19836, stack(0x000000002c140000,0x000000002c240000)]
  0x00000000222bd000 JavaThread "jar transforms Thread 1460" [_thread_blocked, id=8804, stack(0x000000002c040000,0x000000002c140000)]
  0x00000000222b5800 JavaThread "jar transforms Thread 1459" [_thread_blocked, id=452, stack(0x000000002bf40000,0x000000002c040000)]
  0x00000000222bc800 JavaThread "jar transforms Thread 1458" [_thread_blocked, id=9424, stack(0x000000002be40000,0x000000002bf40000)]
  0x00000000222b5000 JavaThread "jar transforms Thread 1457" [_thread_blocked, id=3468, stack(0x000000002bd40000,0x000000002be40000)]
  0x00000000222bb000 JavaThread "jar transforms Thread 1456" [_thread_blocked, id=13756, stack(0x000000002bc40000,0x000000002bd40000)]
  0x00000000222b9800 JavaThread "jar transforms Thread 1455" [_thread_blocked, id=13408, stack(0x000000002bb40000,0x000000002bc40000)]
  0x00000000222bb800 JavaThread "jar transforms Thread 1454" [_thread_blocked, id=19544, stack(0x000000002ba40000,0x000000002bb40000)]
  0x00000000222b0800 JavaThread "jar transforms Thread 1453" [_thread_blocked, id=9652, stack(0x000000002b940000,0x000000002ba40000)]
  0x00000000222b4000 JavaThread "jar transforms Thread 1452" [_thread_blocked, id=7616, stack(0x000000002b840000,0x000000002b940000)]
  0x00000000222b3800 JavaThread "jar transforms Thread 1451" [_thread_blocked, id=20572, stack(0x000000002b740000,0x000000002b840000)]
  0x00000000222b1000 JavaThread "jar transforms Thread 1450" [_thread_blocked, id=18716, stack(0x000000002b640000,0x000000002b740000)]
  0x00000000222b2000 JavaThread "jar transforms Thread 1449" [_thread_blocked, id=8868, stack(0x000000002b540000,0x000000002b640000)]
  0x00000000222b6800 JavaThread "jar transforms Thread 1448" [_thread_blocked, id=18412, stack(0x000000002b440000,0x000000002b540000)]
  0x000000001c2da000 JavaThread "jar transforms Thread 1447" [_thread_blocked, id=11812, stack(0x000000002b340000,0x000000002b440000)]
  0x000000001c2d9800 JavaThread "jar transforms Thread 1446" [_thread_blocked, id=11088, stack(0x000000002b240000,0x000000002b340000)]
  0x000000001c2d8000 JavaThread "jar transforms Thread 1445" [_thread_blocked, id=10788, stack(0x000000002b140000,0x000000002b240000)]
  0x000000001c2d8800 JavaThread "jar transforms Thread 1444" [_thread_blocked, id=19316, stack(0x000000002b040000,0x000000002b140000)]
  0x000000001c2d7000 JavaThread "jar transforms Thread 1443" [_thread_blocked, id=18112, stack(0x000000002af40000,0x000000002b040000)]
  0x000000001c2db000 JavaThread "jar transforms Thread 1442" [_thread_blocked, id=3756, stack(0x000000002ae40000,0x000000002af40000)]
  0x000000001c2d6800 JavaThread "jar transforms Thread 1441" [_thread_blocked, id=3700, stack(0x000000002ad40000,0x000000002ae40000)]
  0x000000001c2d5800 JavaThread "jar transforms Thread 1440" [_thread_blocked, id=16792, stack(0x000000002ac40000,0x000000002ad40000)]
  0x000000001c2db800 JavaThread "jar transforms Thread 1439" [_thread_blocked, id=8688, stack(0x000000002ab40000,0x000000002ac40000)]
  0x000000001c2ce000 JavaThread "jar transforms Thread 1438" [_thread_blocked, id=17228, stack(0x000000002aa40000,0x000000002ab40000)]
  0x000000001c2d5000 JavaThread "jar transforms Thread 1437" [_thread_blocked, id=10412, stack(0x000000002a940000,0x000000002aa40000)]
  0x000000001c2d4000 JavaThread "jar transforms Thread 1436" [_thread_blocked, id=9048, stack(0x000000002a840000,0x000000002a940000)]
  0x000000001c2cf800 JavaThread "jar transforms Thread 1435" [_thread_blocked, id=8328, stack(0x000000002a740000,0x000000002a840000)]
  0x000000001c2cc800 JavaThread "jar transforms Thread 1434" [_thread_blocked, id=21284, stack(0x000000002a640000,0x000000002a740000)]
  0x000000001c2d3000 JavaThread "jar transforms Thread 1433" [_thread_blocked, id=16376, stack(0x000000002a540000,0x000000002a640000)]
  0x000000001c2d2800 JavaThread "jar transforms Thread 1432" [_thread_blocked, id=7440, stack(0x000000002a440000,0x000000002a540000)]
  0x000000001c2cd000 JavaThread "jar transforms Thread 1431" [_thread_blocked, id=16616, stack(0x000000002a340000,0x000000002a440000)]
  0x000000001c2d1800 JavaThread "jar transforms Thread 1430" [_thread_blocked, id=3156, stack(0x000000002a240000,0x000000002a340000)]
  0x000000001c2d1000 JavaThread "jar transforms Thread 1429" [_thread_blocked, id=12624, stack(0x000000002a140000,0x000000002a240000)]
  0x0000000020be3000 JavaThread "jar transforms Thread 1428" [_thread_blocked, id=8240, stack(0x000000002a040000,0x000000002a140000)]
  0x0000000020be2000 JavaThread "jar transforms Thread 1427" [_thread_blocked, id=11608, stack(0x0000000029f40000,0x000000002a040000)]
  0x0000000020be0800 JavaThread "jar transforms Thread 1426" [_thread_blocked, id=6436, stack(0x0000000029e40000,0x0000000029f40000)]
  0x0000000020be7800 JavaThread "jar transforms Thread 1425" [_thread_blocked, id=10160, stack(0x0000000029d40000,0x0000000029e40000)]
  0x0000000020be0000 JavaThread "jar transforms Thread 1424" [_thread_blocked, id=9344, stack(0x0000000029c40000,0x0000000029d40000)]
  0x0000000020be6000 JavaThread "jar transforms Thread 1423" [_thread_blocked, id=1112, stack(0x0000000029b40000,0x0000000029c40000)]
  0x0000000020be6800 JavaThread "jar transforms Thread 1422" [_thread_blocked, id=1344, stack(0x0000000029a40000,0x0000000029b40000)]
  0x0000000020be1800 JavaThread "jar transforms Thread 1421" [_thread_blocked, id=17144, stack(0x0000000029940000,0x0000000029a40000)]
  0x0000000020be3800 JavaThread "jar transforms Thread 1420" [_thread_blocked, id=14192, stack(0x0000000029840000,0x0000000029940000)]
  0x0000000020be5000 JavaThread "jar transforms Thread 1419" [_thread_blocked, id=7416, stack(0x0000000029740000,0x0000000029840000)]
  0x0000000020be4800 JavaThread "jar transforms Thread 1418" [_thread_blocked, id=15116, stack(0x0000000029640000,0x0000000029740000)]
  0x0000000020bd8800 JavaThread "jar transforms Thread 1417" [_thread_blocked, id=8236, stack(0x0000000029540000,0x0000000029640000)]
  0x0000000020bdf000 JavaThread "jar transforms Thread 1416" [_thread_blocked, id=18264, stack(0x0000000029440000,0x0000000029540000)]
  0x0000000020bdb800 JavaThread "jar transforms Thread 1415" [_thread_blocked, id=12552, stack(0x0000000029340000,0x0000000029440000)]
  0x0000000020bdd800 JavaThread "jar transforms Thread 1414" [_thread_blocked, id=13188, stack(0x0000000029240000,0x0000000029340000)]
  0x0000000020bda000 JavaThread "jar transforms Thread 1413" [_thread_blocked, id=2028, stack(0x0000000029140000,0x0000000029240000)]
  0x0000000020bdd000 JavaThread "jar transforms Thread 1412" [_thread_blocked, id=124, stack(0x0000000029040000,0x0000000029140000)]
  0x0000000020bde800 JavaThread "jar transforms Thread 1411" [_thread_blocked, id=3412, stack(0x0000000028f40000,0x0000000029040000)]
  0x0000000020bda800 JavaThread "jar transforms Thread 1410" [_thread_blocked, id=11240, stack(0x0000000028e40000,0x0000000028f40000)]
  0x0000000020bdc000 JavaThread "jar transforms Thread 1409" [_thread_blocked, id=15300, stack(0x0000000028d40000,0x0000000028e40000)]
  0x000000002f8e5800 JavaThread "jar transforms Thread 1408" [_thread_blocked, id=7116, stack(0x0000000028c40000,0x0000000028d40000)]
  0x000000002f8e3000 JavaThread "jar transforms Thread 1407" [_thread_blocked, id=12136, stack(0x0000000028b40000,0x0000000028c40000)]
  0x000000002f8e2800 JavaThread "jar transforms Thread 1406" [_thread_blocked, id=17244, stack(0x0000000028a40000,0x0000000028b40000)]
  0x000000002f8df800 JavaThread "jar transforms Thread 1405" [_thread_blocked, id=16100, stack(0x0000000028940000,0x0000000028a40000)]
  0x000000002f8e1800 JavaThread "jar transforms Thread 1404" [_thread_blocked, id=8656, stack(0x0000000028840000,0x0000000028940000)]
  0x000000002f8e4800 JavaThread "jar transforms Thread 1403" [_thread_blocked, id=16912, stack(0x0000000028740000,0x0000000028840000)]
  0x000000002f8e0000 JavaThread "jar transforms Thread 1402" [_thread_blocked, id=7904, stack(0x0000000028300000,0x0000000028400000)]
  0x000000002f8e1000 JavaThread "jar transforms Thread 1401" [_thread_blocked, id=10292, stack(0x0000000028200000,0x0000000028300000)]
  0x000000002f8d8000 JavaThread "jar transforms Thread 1400" [_thread_blocked, id=17888, stack(0x0000000028100000,0x0000000028200000)]
  0x000000002f8de800 JavaThread "jar transforms Thread 1399" [_thread_blocked, id=12448, stack(0x0000000028000000,0x0000000028100000)]
  0x000000002f8d7000 JavaThread "jar transforms Thread 1398" [_thread_blocked, id=14240, stack(0x0000000027f00000,0x0000000028000000)]
  0x000000002f8de000 JavaThread "jar transforms Thread 1397" [_thread_blocked, id=19480, stack(0x0000000027e00000,0x0000000027f00000)]
  0x000000002f8d6800 JavaThread "jar transforms Thread 1396" [_thread_blocked, id=14420, stack(0x0000000027d00000,0x0000000027e00000)]
  0x000000002f8dd000 JavaThread "jar transforms Thread 1395" [_thread_blocked, id=18780, stack(0x0000000027c00000,0x0000000027d00000)]
  0x000000002f8d9800 JavaThread "jar transforms Thread 1394" [_thread_blocked, id=1184, stack(0x0000000027b00000,0x0000000027c00000)]
  0x000000002f8db800 JavaThread "jar transforms Thread 1393" [_thread_blocked, id=19564, stack(0x0000000027a00000,0x0000000027b00000)]
  0x000000002f8d8800 JavaThread "jar transforms Thread 1392" [_thread_blocked, id=18688, stack(0x0000000027700000,0x0000000027800000)]
  0x000000002f8db000 JavaThread "jar transforms Thread 1391" [_thread_blocked, id=18620, stack(0x0000000027600000,0x0000000027700000)]
  0x000000002f8da000 JavaThread "jar transforms Thread 1390" [_thread_blocked, id=13056, stack(0x0000000027500000,0x0000000027600000)]
  0x000000002f8dc800 JavaThread "jar transforms Thread 1389" [_thread_blocked, id=21444, stack(0x0000000027400000,0x0000000027500000)]
  0x00000000302b6000 JavaThread "jar transforms Thread 1388" [_thread_blocked, id=16104, stack(0x0000000027300000,0x0000000027400000)]
  0x00000000302b4800 JavaThread "jar transforms Thread 1387" [_thread_blocked, id=4432, stack(0x0000000027200000,0x0000000027300000)]
  0x00000000302b4000 JavaThread "jar transforms Thread 1386" [_thread_blocked, id=14220, stack(0x0000000027100000,0x0000000027200000)]
  0x00000000302b3000 JavaThread "jar transforms Thread 1385" [_thread_blocked, id=4480, stack(0x0000000025190000,0x0000000025290000)]
  0x00000000302ab800 JavaThread "jar transforms Thread 1384" [_thread_blocked, id=21468, stack(0x0000000024690000,0x0000000024790000)]
  0x00000000302b2800 JavaThread "jar transforms Thread 1383" [_thread_blocked, id=2812, stack(0x0000000024390000,0x0000000024490000)]
  0x00000000302b0000 JavaThread "jar transforms Thread 1382" [_thread_blocked, id=10348, stack(0x0000000024290000,0x0000000024390000)]
  0x00000000302b1800 JavaThread "jar transforms Thread 1381" [_thread_blocked, id=16984, stack(0x0000000024190000,0x0000000024290000)]
  0x00000000302b1000 JavaThread "Build operations Thread 12" [_thread_blocked, id=18940, stack(0x0000000024090000,0x0000000024190000)]
  0x00000000302af800 JavaThread "Build operations Thread 11" [_thread_blocked, id=12960, stack(0x0000000023d90000,0x0000000023e90000)]
  0x00000000302ab000 JavaThread "Build operations Thread 10" [_thread_in_Java, id=1992, stack(0x0000000023c90000,0x0000000023d90000)]
  0x00000000302ae800 JavaThread "Build operations Thread 9" [_thread_in_Java, id=8412, stack(0x0000000023b90000,0x0000000023c90000)]
  0x00000000302ae000 JavaThread "Build operations Thread 8" [_thread_blocked, id=17836, stack(0x0000000023a90000,0x0000000023b90000)]
  0x00000000302a8800 JavaThread "Build operations Thread 7" [_thread_in_Java, id=13864, stack(0x0000000023990000,0x0000000023a90000)]
  0x00000000302a9800 JavaThread "Build operations Thread 6" [_thread_blocked, id=4972, stack(0x0000000023890000,0x0000000023990000)]
  0x00000000302ad000 JavaThread "Build operations Thread 5" [_thread_in_Java, id=5364, stack(0x0000000023790000,0x0000000023890000)]
  0x00000000302a1000 JavaThread "Build operations Thread 4" [_thread_blocked, id=16904, stack(0x0000000023500000,0x0000000023600000)]
  0x00000000302a8000 JavaThread "Build operations Thread 3" [_thread_in_native, id=15384, stack(0x0000000023400000,0x0000000023500000)]
  0x00000000302a7000 JavaThread "Build operations Thread 2" [_thread_in_Java, id=17992, stack(0x0000000023300000,0x0000000023400000)]
  0x00000000302a6800 JavaThread "Build operations" [_thread_in_Java, id=19396, stack(0x0000000023200000,0x0000000023300000)]
  0x00000000302a3800 JavaThread "Cache worker for cache directory md-rule (D:\Android\.gradle\caches\6.5\md-rule)" [_thread_blocked, id=16864, stack(0x0000000023100000,0x0000000023200000)]
  0x00000000302a5000 JavaThread "Cache worker for cache directory md-supplier (D:\Android\.gradle\caches\6.5\md-supplier)" [_thread_blocked, id=17640, stack(0x0000000023000000,0x0000000023100000)]
  0x0000000030299000 JavaThread "Cache worker for checksums cache (E:\music\.gradle\checksums)" [_thread_blocked, id=8340, stack(0x0000000022f00000,0x0000000023000000)]
  0x000000003029f800 JavaThread "Cache worker for file hash cache (E:\music\.gradle\6.5\fileHashes)" [_thread_blocked, id=20492, stack(0x0000000022e00000,0x0000000022f00000)]
  0x0000000030299800 JavaThread "Thread-2412" [_thread_blocked, id=2052, stack(0x0000000022d00000,0x0000000022e00000)]
  0x00000000215a0000 JavaThread "Stdin handler" [_thread_blocked, id=11276, stack(0x000000001ed10000,0x000000001ee10000)]
  0x00000000215a1800 JavaThread "Asynchronous log dispatcher for DefaultDaemonConnection: socket connection from /127.0.0.1:59094 to /127.0.0.1:61924" [_thread_blocked, id=14272, stack(0x000000001ec10000,0x000000001ed10000)]
  0x00000000215a5800 JavaThread "Daemon worker Thread 16" [_thread_blocked, id=3108, stack(0x000000001e910000,0x000000001ea10000)]
  0x00000000215a4800 JavaThread "Cancel handler" [_thread_blocked, id=3900, stack(0x000000001e360000,0x000000001e460000)]
  0x000000002159e800 JavaThread "Handler for socket connection from /127.0.0.1:59094 to /127.0.0.1:61924" [_thread_in_native, id=13628, stack(0x000000001e260000,0x000000001e360000)]
  0x00000000215a2800 JavaThread "Daemon Thread 16" [_thread_blocked, id=15052, stack(0x00000000010a0000,0x00000000011a0000)]
  0x000000003029e000 JavaThread "Cache worker for Java compile cache (D:\Android\.gradle\caches\6.5\javaCompile)" [_thread_blocked, id=19072, stack(0x0000000033450000,0x0000000033550000)]
  0x0000000022673000 JavaThread "Memory manager" [_thread_blocked, id=16332, stack(0x0000000028640000,0x0000000028740000)]
  0x000000002159b000 JavaThread "Cache worker for file content cache (D:\Android\.gradle\caches\6.5\fileContent)" [_thread_blocked, id=8572, stack(0x0000000025090000,0x0000000025190000)]
  0x000000002159a000 JavaThread "Cache worker for execution history cache (D:\Android\.gradle\caches\6.5\executionHistory)" [_thread_blocked, id=11332, stack(0x0000000024b90000,0x0000000024c90000)]
  0x000000001c32d800 JavaThread "Cache worker for file hash cache (D:\Android\.gradle\caches\6.5\fileHashes)" [_thread_blocked, id=2232, stack(0x000000001f410000,0x000000001f510000)]
  0x000000001c32c000 JavaThread "File lock request listener" [_thread_in_native, id=9980, stack(0x000000001f310000,0x000000001f410000)]
  0x000000001b9c4000 JavaThread "Cache worker for journal cache (D:\Android\.gradle\caches\journal-1)" [_thread_blocked, id=19912, stack(0x000000001f210000,0x000000001f310000)]
  0x000000001d451000 JavaThread "Daemon periodic checks" [_thread_blocked, id=14316, stack(0x000000001e610000,0x000000001e710000)]
  0x000000001d440800 JavaThread "Incoming local TCP Connector on port 59094" [_thread_in_native, id=9092, stack(0x000000001e460000,0x000000001e560000)]
  0x000000001b90e800 JavaThread "Daemon health stats" [_thread_blocked, id=11228, stack(0x000000001e160000,0x000000001e260000)]
  0x0000000019d72800 JavaThread "Service Thread" daemon [_thread_blocked, id=9220, stack(0x000000001b5c0000,0x000000001b6c0000)]
  0x0000000019cdd000 JavaThread "C1 CompilerThread3" daemon [_thread_in_native, id=12744, stack(0x000000001b4c0000,0x000000001b5c0000)]
  0x0000000019cdc000 JavaThread "C2 CompilerThread2" daemon [_thread_in_native, id=5160, stack(0x000000001b3c0000,0x000000001b4c0000)]
  0x0000000019c7e800 JavaThread "C2 CompilerThread1" daemon [_thread_in_native, id=21008, stack(0x000000001b2c0000,0x000000001b3c0000)]
=>0x0000000019c78000 JavaThread "C2 CompilerThread0" daemon [_thread_in_native, id=4964, stack(0x000000001b1c0000,0x000000001b2c0000)]
  0x0000000019cd5000 JavaThread "Attach Listener" daemon [_thread_blocked, id=14324, stack(0x000000001b0c0000,0x000000001b1c0000)]
  0x0000000019cd4000 JavaThread "Signal Dispatcher" daemon [_thread_blocked, id=10244, stack(0x000000001afc0000,0x000000001b0c0000)]
  0x00000000032fa000 JavaThread "Finalizer" daemon [_thread_blocked, id=19340, stack(0x000000001aec0000,0x000000001afc0000)]
  0x000000001856c800 JavaThread "Reference Handler" daemon [_thread_blocked, id=16484, stack(0x000000001adc0000,0x000000001aec0000)]
  0x0000000003202800 JavaThread "main" [_thread_blocked, id=16196, stack(0x0000000003100000,0x0000000003200000)]

Other Threads:
  0x0000000018564800 VMThread [stack: 0x000000001acc0000,0x000000001adc0000] [id=12396]
  0x0000000019d75000 WatcherThread [stack: 0x000000001b6c0000,0x000000001b7c0000] [id=13900]

VM state:not at safepoint (normal execution)

VM Mutex/Monitor currently owned by a thread: None

heap address: 0x0000000080000000, size: 2048 MB, Compressed Oops mode: 32-bit
Narrow klass base: 0x0000000000000000, Narrow klass shift: 3
Compressed class space size: 1073741824 Address: 0x0000000100000000

Heap:
 PSYoungGen      total 618496K, used 103184K [0x00000000d5580000, 0x00000000ff580000, 0x0000000100000000)
  eden space 545792K, 14% used [0x00000000d5580000,0x00000000da3bb2d8,0x00000000f6a80000)
  from space 72704K, 31% used [0x00000000fae00000,0x00000000fc488d70,0x00000000ff500000)
  to   space 69120K, 0% used [0x00000000f6a80000,0x00000000f6a80000,0x00000000fae00000)
 ParOldGen       total 328192K, used 283066K [0x0000000080000000, 0x0000000094080000, 0x00000000d5580000)
  object space 328192K, 86% used [0x0000000080000000,0x000000009146e918,0x0000000094080000)
 Metaspace       used 165895K, capacity 179490K, committed 179776K, reserved 1206272K
  class space    used 21327K, capacity 23794K, committed 23936K, reserved 1048576K

Card table byte_map: [0x00000000126c0000,0x0000000012ad0000] byte_map_base: 0x00000000122c0000

Marking Bits: (ParMarkBitMap*) 0x000000007522f030
 Begin Bits: [0x0000000013780000, 0x0000000015780000)
 End Bits:   [0x0000000015780000, 0x0000000017780000)

Polling page: 0x0000000000bf0000

CodeCache: size=245760Kb used=112023Kb max_used=113805Kb free=133736Kb
 bounds [0x0000000003300000, 0x000000000a2d0000, 0x0000000012300000]
 total_blobs=32299 nmethods=31327 adapters=880
 compilation: enabled

Compilation events (10 events):
Event: 3245.941 Thread 0x0000000019cdd000 nmethod 42705 0x0000000008ddbb90 code [0x0000000008ddbd00, 0x0000000008ddbf30]
Event: 3245.941 Thread 0x0000000019cdd000 40473       1       com.android.tools.r8.s.b.e1::S0 (2 bytes)
Event: 3245.941 Thread 0x0000000019cdd000 nmethod 40473 0x0000000006e37c10 code [0x0000000006e37d60, 0x0000000006e37e70]
Event: 3245.941 Thread 0x0000000019cdd000 42701       2       com.android.tools.r8.s.b.i1::P2 (132 bytes)
Event: 3245.942 Thread 0x0000000019cdd000 nmethod 42701 0x000000000966d510 code [0x000000000966d700, 0x000000000966dbb8]
Event: 3245.942 Thread 0x0000000019cdd000 42697       2       com.android.tools.r8.s.a.p.l::a (29 bytes)
Event: 3245.943 Thread 0x0000000019cdd000 nmethod 42697 0x0000000008ddb7d0 code [0x0000000008ddb940, 0x0000000008ddbaf0]
Event: 3245.943 Thread 0x0000000019cdd000 39757       1       com.android.tools.r8.ir.optimize.j0::a (5 bytes)
Event: 3245.943 Thread 0x0000000019cdd000 nmethod 39757 0x0000000009493110 code [0x0000000009493260, 0x0000000009493350]
Event: 3245.943 Thread 0x0000000019cdd000 42026       1       com.android.tools.r8.s.b.M::N2 (2 bytes)

GC Heap History (10 events):
Event: 3243.707 GC heap before
{Heap before GC invocations=53 (full 5):
 PSYoungGen      total 601088K, used 600878K [0x00000000d5580000, 0x0000000100000000, 0x0000000100000000)
  eden space 542208K, 100% used [0x00000000d5580000,0x00000000f6700000,0x00000000f6700000)
  from space 58880K, 99% used [0x00000000f6700000,0x00000000fa04bba8,0x00000000fa080000)
  to   space 83968K, 0% used [0x00000000fae00000,0x00000000fae00000,0x0000000100000000)
 ParOldGen       total 328192K, used 193485K [0x0000000080000000, 0x0000000094080000, 0x00000000d5580000)
  object space 328192K, 58% used [0x0000000080000000,0x000000008bcf3620,0x0000000094080000)
 Metaspace       used 165251K, capacity 178830K, committed 179008K, reserved 1204224K
  class space    used 21327K, capacity 23794K, committed 23936K, reserved 1048576K
Event: 3243.751 GC heap after
Heap after GC invocations=53 (full 5):
 PSYoungGen      total 616448K, used 12773K [0x00000000d5580000, 0x0000000100000000, 0x0000000100000000)
  eden space 532480K, 0% used [0x00000000d5580000,0x00000000d5580000,0x00000000f5d80000)
  from space 83968K, 15% used [0x00000000fae00000,0x00000000fba794f8,0x0000000100000000)
  to   space 82432K, 0% used [0x00000000f5d80000,0x00000000f5d80000,0x00000000fae00000)
 ParOldGen       total 328192K, used 239770K [0x0000000080000000, 0x0000000094080000, 0x00000000d5580000)
  object space 328192K, 73% used [0x0000000080000000,0x000000008ea269b0,0x0000000094080000)
 Metaspace       used 165251K, capacity 178830K, committed 179008K, reserved 1204224K
  class space    used 21327K, capacity 23794K, committed 23936K, reserved 1048576K
}
Event: 3244.390 GC heap before
{Heap before GC invocations=54 (full 5):
 PSYoungGen      total 616448K, used 545253K [0x00000000d5580000, 0x0000000100000000, 0x0000000100000000)
  eden space 532480K, 100% used [0x00000000d5580000,0x00000000f5d80000,0x00000000f5d80000)
  from space 83968K, 15% used [0x00000000fae00000,0x00000000fba794f8,0x0000000100000000)
  to   space 82432K, 0% used [0x00000000f5d80000,0x00000000f5d80000,0x00000000fae00000)
 ParOldGen       total 328192K, used 239770K [0x0000000080000000, 0x0000000094080000, 0x00000000d5580000)
  object space 328192K, 73% used [0x0000000080000000,0x000000008ea269b0,0x0000000094080000)
 Metaspace       used 165361K, capacity 178902K, committed 179264K, reserved 1204224K
  class space    used 21327K, capacity 23794K, committed 23936K, reserved 1048576K
Event: 3244.430 GC heap after
Heap after GC invocations=54 (full 5):
 PSYoungGen      total 544768K, used 12105K [0x00000000d5580000, 0x00000000ffa80000, 0x0000000100000000)
  eden space 532480K, 0% used [0x00000000d5580000,0x00000000d5580000,0x00000000f5d80000)
  from space 12288K, 98% used [0x00000000f5d80000,0x00000000f69527d0,0x00000000f6980000)
  to   space 80384K, 0% used [0x00000000fac00000,0x00000000fac00000,0x00000000ffa80000)
 ParOldGen       total 328192K, used 247029K [0x0000000080000000, 0x0000000094080000, 0x00000000d5580000)
  object space 328192K, 75% used [0x0000000080000000,0x000000008f13d7d0,0x0000000094080000)
 Metaspace       used 165361K, capacity 178902K, committed 179264K, reserved 1204224K
  class space    used 21327K, capacity 23794K, committed 23936K, reserved 1048576K
}
Event: 3245.012 GC heap before
{Heap before GC invocations=55 (full 5):
 PSYoungGen      total 544768K, used 544585K [0x00000000d5580000, 0x00000000ffa80000, 0x0000000100000000)
  eden space 532480K, 100% used [0x00000000d5580000,0x00000000f5d80000,0x00000000f5d80000)
  from space 12288K, 98% used [0x00000000f5d80000,0x00000000f69527d0,0x00000000f6980000)
  to   space 80384K, 0% used [0x00000000fac00000,0x00000000fac00000,0x00000000ffa80000)
 ParOldGen       total 328192K, used 247029K [0x0000000080000000, 0x0000000094080000, 0x00000000d5580000)
  object space 328192K, 75% used [0x0000000080000000,0x000000008f13d7d0,0x0000000094080000)
 Metaspace       used 165628K, capacity 179186K, committed 179520K, reserved 1204224K
  class space    used 21327K, capacity 23794K, committed 23936K, reserved 1048576K
Event: 3245.040 GC heap after
Heap after GC invocations=55 (full 5):
 PSYoungGen      total 616960K, used 23902K [0x00000000d5580000, 0x0000000100000000, 0x0000000100000000)
  eden space 536576K, 0% used [0x00000000d5580000,0x00000000d5580000,0x00000000f6180000)
  from space 80384K, 29% used [0x00000000fac00000,0x00000000fc357ab8,0x00000000ffa80000)
  to   space 76288K, 0% used [0x00000000f6180000,0x00000000f6180000,0x00000000fac00000)
 ParOldGen       total 328192K, used 255416K [0x0000000080000000, 0x0000000094080000, 0x00000000d5580000)
  object space 328192K, 77% used [0x0000000080000000,0x000000008f96e040,0x0000000094080000)
 Metaspace       used 165628K, capacity 179186K, committed 179520K, reserved 1204224K
  class space    used 21327K, capacity 23794K, committed 23936K, reserved 1048576K
}
Event: 3245.429 GC heap before
{Heap before GC invocations=56 (full 5):
 PSYoungGen      total 616960K, used 560478K [0x00000000d5580000, 0x0000000100000000, 0x0000000100000000)
  eden space 536576K, 100% used [0x00000000d5580000,0x00000000f6180000,0x00000000f6180000)
  from space 80384K, 29% used [0x00000000fac00000,0x00000000fc357ab8,0x00000000ffa80000)
  to   space 76288K, 0% used [0x00000000f6180000,0x00000000f6180000,0x00000000fac00000)
 ParOldGen       total 328192K, used 255416K [0x0000000080000000, 0x0000000094080000, 0x00000000d5580000)
  object space 328192K, 77% used [0x0000000080000000,0x000000008f96e040,0x0000000094080000)
 Metaspace       used 165738K, capacity 179338K, committed 179520K, reserved 1204224K
  class space    used 21327K, capacity 23794K, committed 23936K, reserved 1048576K
Event: 3245.455 GC heap after
Heap after GC invocations=56 (full 5):
 PSYoungGen      total 612864K, used 22611K [0x00000000d5580000, 0x00000000ff500000, 0x0000000100000000)
  eden space 536576K, 0% used [0x00000000d5580000,0x00000000d5580000,0x00000000f6180000)
  from space 76288K, 29% used [0x00000000f6180000,0x00000000f7794c60,0x00000000fac00000)
  to   space 72704K, 0% used [0x00000000fae00000,0x00000000fae00000,0x00000000ff500000)
 ParOldGen       total 328192K, used 268765K [0x0000000080000000, 0x0000000094080000, 0x00000000d5580000)
  object space 328192K, 81% used [0x0000000080000000,0x0000000090677518,0x0000000094080000)
 Metaspace       used 165738K, capacity 179338K, committed 179520K, reserved 1204224K
  class space    used 21327K, capacity 23794K, committed 23936K, reserved 1048576K
}
Event: 3245.829 GC heap before
{Heap before GC invocations=57 (full 5):
 PSYoungGen      total 612864K, used 559187K [0x00000000d5580000, 0x00000000ff500000, 0x0000000100000000)
  eden space 536576K, 100% used [0x00000000d5580000,0x00000000f6180000,0x00000000f6180000)
  from space 76288K, 29% used [0x00000000f6180000,0x00000000f7794c60,0x00000000fac00000)
  to   space 72704K, 0% used [0x00000000fae00000,0x00000000fae00000,0x00000000ff500000)
 ParOldGen       total 328192K, used 268765K [0x0000000080000000, 0x0000000094080000, 0x00000000d5580000)
  object space 328192K, 81% used [0x0000000080000000,0x0000000090677518,0x0000000094080000)
 Metaspace       used 165814K, capacity 179414K, committed 179776K, reserved 1206272K
  class space    used 21327K, capacity 23794K, committed 23936K, reserved 1048576K
Event: 3245.861 GC heap after
Heap after GC invocations=57 (full 5):
 PSYoungGen      total 618496K, used 23075K [0x00000000d5580000, 0x00000000ff580000, 0x0000000100000000)
  eden space 545792K, 0% used [0x00000000d5580000,0x00000000d5580000,0x00000000f6a80000)
  from space 72704K, 31% used [0x00000000fae00000,0x00000000fc488d70,0x00000000ff500000)
  to   space 69120K, 0% used [0x00000000f6a80000,0x00000000f6a80000,0x00000000fae00000)
 ParOldGen       total 328192K, used 283066K [0x0000000080000000, 0x0000000094080000, 0x00000000d5580000)
  object space 328192K, 86% used [0x0000000080000000,0x000000009146e918,0x0000000094080000)
 Metaspace       used 165814K, capacity 179414K, committed 179776K, reserved 1206272K
  class space    used 21327K, capacity 23794K, committed 23936K, reserved 1048576K
}

Deoptimization events (10 events):
Event: 3245.254 Thread 0x00000000302ae000 Uncommon trap: reason=unstable_if action=reinterpret pc=0x000000000911d81c method=com.google.common.base.Objects.equal(Ljava/lang/Object;Ljava/lang/Object;)Z @ 6
Event: 3245.254 Thread 0x00000000302ae000 Uncommon trap: reason=class_check action=maybe_recompile pc=0x0000000004cb6c38 method=com.google.common.base.Joiner.toString(Ljava/lang/Object;)Ljava/lang/CharSequence; @ 6
Event: 3245.354 Thread 0x00000000302a6800 Uncommon trap: reason=bimorphic action=maybe_recompile pc=0x000000000a153d80 method=com.android.tools.r8.ir.conversion.N.a(ILcom/android/tools/r8/graph/s;)V @ 46
Event: 3245.366 Thread 0x00000000302ab000 Uncommon trap: reason=speculate_class_check action=maybe_recompile pc=0x000000000a15388c method=com.android.tools.r8.ir.conversion.N.b(ILcom/android/tools/r8/graph/s;)V @ 78
Event: 3245.625 Thread 0x00000000302ad000 Uncommon trap: reason=bimorphic action=maybe_recompile pc=0x000000000a13e3bc method=com.android.tools.r8.s.a.p.u.G()Z @ 36
Event: 3245.625 Thread 0x00000000302ad000 Uncommon trap: reason=bimorphic action=maybe_recompile pc=0x000000000a13e3bc method=com.android.tools.r8.s.a.p.u.G()Z @ 36
Event: 3245.625 Thread 0x00000000302ad000 Uncommon trap: reason=bimorphic action=maybe_recompile pc=0x000000000a13e3bc method=com.android.tools.r8.s.a.p.u.G()Z @ 36
Event: 3245.625 Thread 0x00000000302ad000 Uncommon trap: reason=bimorphic action=maybe_recompile pc=0x000000000a13e3bc method=com.android.tools.r8.s.a.p.u.G()Z @ 36
Event: 3245.716 Thread 0x00000000302ae000 Uncommon trap: reason=unstable_if action=reinterpret pc=0x00000000036c0908 method=com.android.tools.r8.graph.i0.b(Lcom/android/tools/r8/graph/i0;)I @ 60
Event: 3245.729 Thread 0x00000000302ae000 Uncommon trap: reason=null_check action=make_not_entrant pc=0x0000000008b8300c method=com.android.tools.r8.graph.i0.computeEquals(Ljava/lang/Object;)Z @ 1

Classes redefined (0 events):
No events

Internal exceptions (10 events):
Event: 3245.423 Thread 0x00000000302af800 Exception <a 'sun/nio/fs/WindowsException'> (0x00000000f1464e80) thrown at [C:\src\AOSP-openjdk-git\hotspot\src\share\vm\prims\jni.cpp, line 710]
Event: 3245.472 Thread 0x00000000302b1000 Exception <a 'sun/nio/fs/WindowsException'> (0x00000000d6ef0778) thrown at [C:\src\AOSP-openjdk-git\hotspot\src\share\vm\prims\jni.cpp, line 710]
Event: 3245.549 Thread 0x00000000302ab000 Exception <a 'sun/nio/fs/WindowsException'> (0x00000000de37dc78) thrown at [C:\src\AOSP-openjdk-git\hotspot\src\share\vm\prims\jni.cpp, line 710]
Event: 3245.553 Thread 0x00000000302b1000 Exception <a 'sun/nio/fs/WindowsException'> (0x00000000de796848) thrown at [C:\src\AOSP-openjdk-git\hotspot\src\share\vm\prims\jni.cpp, line 710]
Event: 3245.560 Thread 0x00000000302af800 Exception <a 'sun/nio/fs/WindowsException'> (0x00000000df4f0850) thrown at [C:\src\AOSP-openjdk-git\hotspot\src\share\vm\prims\jni.cpp, line 710]
Event: 3245.633 Thread 0x00000000302ab000 Exception <a 'sun/nio/fs/WindowsException'> (0x00000000e63276f0) thrown at [C:\src\AOSP-openjdk-git\hotspot\src\share\vm\prims\jni.cpp, line 710]
Event: 3245.638 Thread 0x00000000302af800 Exception <a 'sun/nio/fs/WindowsException'> (0x00000000e52f8e18) thrown at [C:\src\AOSP-openjdk-git\hotspot\src\share\vm\prims\jni.cpp, line 710]
Event: 3245.729 Thread 0x00000000302ae000 Implicit null exception at 0x0000000008b82e8f to 0x0000000008b82ffd
Event: 3245.795 Thread 0x00000000302b1000 Exception <a 'sun/nio/fs/WindowsException'> (0x00000000f3138ac8) thrown at [C:\src\AOSP-openjdk-git\hotspot\src\share\vm\prims\jni.cpp, line 710]
Event: 3245.932 Thread 0x00000000302ae000 Exception <a 'sun/nio/fs/WindowsException'> (0x00000000d6117070) thrown at [C:\src\AOSP-openjdk-git\hotspot\src\share\vm\prims\jni.cpp, line 710]

Events (10 events):
Event: 3245.904 Thread 0x00000000302ae800 DEOPT PACKING pc=0x00000000098e96b0 sp=0x0000000023c8b3f0
Event: 3245.904 Thread 0x00000000302ae800 DEOPT UNPACKING pc=0x00000000033475d0 sp=0x0000000023c8b238 mode 0
Event: 3245.918 Thread 0x00000000302ae000 DEOPT PACKING pc=0x0000000007c56151 sp=0x0000000023b8c440
Event: 3245.918 Thread 0x00000000302ae000 DEOPT UNPACKING pc=0x00000000033475d0 sp=0x0000000023b8c130 mode 0
Event: 3245.919 Thread 0x00000000302ae000 DEOPT PACKING pc=0x0000000007c56151 sp=0x0000000023b8c450
Event: 3245.919 Thread 0x00000000302ae000 DEOPT UNPACKING pc=0x00000000033475d0 sp=0x0000000023b8c140 mode 0
Event: 3245.937 Thread 0x00000000302ae800 DEOPT PACKING pc=0x0000000003c45977 sp=0x0000000023c8af20
Event: 3245.937 Thread 0x00000000302ae800 DEOPT UNPACKING pc=0x00000000033475d0 sp=0x0000000023c8ac48 mode 0
Event: 3245.938 Thread 0x00000000302a6800 DEOPT PACKING pc=0x0000000009841acd sp=0x00000000232fba30
Event: 3245.939 Thread 0x00000000302a6800 DEOPT UNPACKING pc=0x00000000033475d0 sp=0x00000000232fb900 mode 0


Dynamic libraries:
0x00007ff6ea6c0000 - 0x00007ff6ea6f1000 	E:\Android\jre\bin\java.exe
0x00007ff8b12e0000 - 0x00007ff8b14d0000 	C:\WINDOWS\SYSTEM32\ntdll.dll
0x00007ff8b1030000 - 0x00007ff8b10e2000 	C:\WINDOWS\System32\KERNEL32.DLL
0x00007ff8ae3b0000 - 0x00007ff8ae655000 	C:\WINDOWS\System32\KERNELBASE.dll
0x00007ff8b0d00000 - 0x00007ff8b0da3000 	C:\WINDOWS\System32\ADVAPI32.dll
0x00007ff8b0c60000 - 0x00007ff8b0cfe000 	C:\WINDOWS\System32\msvcrt.dll
0x00007ff8af410000 - 0x00007ff8af4a7000 	C:\WINDOWS\System32\sechost.dll
0x00007ff8b0700000 - 0x00007ff8b0820000 	C:\WINDOWS\System32\RPCRT4.dll
0x00007ff8af980000 - 0x00007ff8afb14000 	C:\WINDOWS\System32\USER32.dll
0x00007ff8ae660000 - 0x00007ff8ae681000 	C:\WINDOWS\System32\win32u.dll
0x00007ff8af8e0000 - 0x00007ff8af906000 	C:\WINDOWS\System32\GDI32.dll
0x00007ff8af0f0000 - 0x00007ff8af286000 	C:\WINDOWS\System32\gdi32full.dll
0x00007ff8ae290000 - 0x00007ff8ae32e000 	C:\WINDOWS\System32\msvcp_win.dll
0x00007ff8af290000 - 0x00007ff8af38a000 	C:\WINDOWS\System32\ucrtbase.dll
0x00007ff8a24d0000 - 0x00007ff8a2754000 	C:\WINDOWS\WinSxS\amd64_microsoft.windows.common-controls_6595b64144ccf1df_6.0.18362.1198_none_9e820b57e45ad92f\COMCTL32.dll
0x00007ff8b0910000 - 0x00007ff8b0c45000 	C:\WINDOWS\System32\combase.dll
0x00007ff8ae690000 - 0x00007ff8ae710000 	C:\WINDOWS\System32\bcryptPrimitives.dll
0x00007ff8b0db0000 - 0x00007ff8b0dde000 	C:\WINDOWS\System32\IMM32.DLL
0x0000000075940000 - 0x0000000075a12000 	E:\Android\jre\jre\bin\msvcr100.dll
0x0000000074a60000 - 0x00000000752ab000 	E:\Android\jre\jre\bin\server\jvm.dll
0x00007ff8b0c50000 - 0x00007ff8b0c58000 	C:\WINDOWS\System32\PSAPI.DLL
0x00007ff8a7780000 - 0x00007ff8a7789000 	C:\WINDOWS\SYSTEM32\WSOCK32.dll
0x00007ff8a6f40000 - 0x00007ff8a6f4a000 	C:\WINDOWS\SYSTEM32\VERSION.dll
0x00007ff8abdb0000 - 0x00007ff8abdd4000 	C:\WINDOWS\SYSTEM32\WINMM.dll
0x00007ff8b0fc0000 - 0x00007ff8b102f000 	C:\WINDOWS\System32\WS2_32.dll
0x00007ff8ab8e0000 - 0x00007ff8ab90d000 	C:\WINDOWS\SYSTEM32\WINMMBASE.dll
0x00007ff8aeff0000 - 0x00007ff8af03a000 	C:\WINDOWS\System32\cfgmgr32.dll
0x00007ff8a7770000 - 0x00007ff8a777f000 	E:\Android\jre\jre\bin\verify.dll
0x00007ff89bc80000 - 0x00007ff89bca9000 	E:\Android\jre\jre\bin\java.dll
0x00007ff8a7750000 - 0x00007ff8a7766000 	E:\Android\jre\jre\bin\zip.dll
0x00007ff8aff90000 - 0x00007ff8b0677000 	C:\WINDOWS\System32\SHELL32.dll
0x00007ff8b0de0000 - 0x00007ff8b0e89000 	C:\WINDOWS\System32\shcore.dll
0x00007ff8ae860000 - 0x00007ff8aefe1000 	C:\WINDOWS\System32\windows.storage.dll
0x00007ff8ae1a0000 - 0x00007ff8ae1c3000 	C:\WINDOWS\System32\profapi.dll
0x00007ff8ae1d0000 - 0x00007ff8ae21a000 	C:\WINDOWS\System32\powrprof.dll
0x00007ff8ae190000 - 0x00007ff8ae1a0000 	C:\WINDOWS\System32\UMPDC.dll
0x00007ff8b0e90000 - 0x00007ff8b0ee2000 	C:\WINDOWS\System32\shlwapi.dll
0x00007ff8ae240000 - 0x00007ff8ae251000 	C:\WINDOWS\System32\kernel.appcore.dll
0x00007ff8ae390000 - 0x00007ff8ae3a7000 	C:\WINDOWS\System32\cryptsp.dll
0x00007ff89bc60000 - 0x00007ff89bc7a000 	E:\Android\jre\jre\bin\net.dll
0x00007ff8ad9e0000 - 0x00007ff8ada47000 	C:\WINDOWS\system32\mswsock.dll
0x00007ff89b9f0000 - 0x00007ff89ba03000 	E:\Android\jre\jre\bin\nio.dll
0x00007ff8a8e50000 - 0x00007ff8a8e77000 	D:\Android\.gradle\native\f6784746aeab05261644944871eae4fe03e0ef1612fff0a4a95f87b438bc6780\windows-amd64\native-platform.dll
0x00007ff8a1b10000 - 0x00007ff8a1b1d000 	E:\Android\jre\jre\bin\management.dll
0x00007ff8ad550000 - 0x00007ff8ad583000 	C:\WINDOWS\system32\rsaenh.dll
0x00007ff8ae260000 - 0x00007ff8ae286000 	C:\WINDOWS\System32\bcrypt.dll
0x00007ff8ae070000 - 0x00007ff8ae095000 	C:\WINDOWS\SYSTEM32\USERENV.dll
0x00007ff8adbb0000 - 0x00007ff8adbbc000 	C:\WINDOWS\SYSTEM32\CRYPTBASE.dll
0x00007ff8ad6f0000 - 0x00007ff8ad72a000 	C:\WINDOWS\SYSTEM32\IPHLPAPI.DLL
0x00007ff8af790000 - 0x00007ff8af798000 	C:\WINDOWS\System32\NSI.dll
0x00007ff8a6980000 - 0x00007ff8a6996000 	C:\WINDOWS\SYSTEM32\dhcpcsvc6.DLL
0x00007ff8a4ef0000 - 0x00007ff8a4f0c000 	C:\WINDOWS\SYSTEM32\dhcpcsvc.DLL
0x00007ff8ad730000 - 0x00007ff8ad7fb000 	C:\WINDOWS\SYSTEM32\DNSAPI.dll
0x00007ff8a6df0000 - 0x00007ff8a6dfb000 	C:\WINDOWS\SYSTEM32\WINNSI.DLL
0x00007ff8ad1d0000 - 0x00007ff8ad201000 	C:\WINDOWS\SYSTEM32\ntmarta.dll
0x00007ff8995f0000 - 0x00007ff899614000 	E:\Android\jre\jre\bin\sunec.dll
0x00007ff8a8e80000 - 0x00007ff8a8e8b000 	E:\Android\jre\jre\bin\sunmscapi.dll
0x00007ff8ae710000 - 0x00007ff8ae859000 	C:\WINDOWS\System32\CRYPT32.dll
0x00007ff8ae220000 - 0x00007ff8ae232000 	C:\WINDOWS\System32\MSASN1.dll
0x00007ff89ecc0000 - 0x00007ff89ecca000 	C:\Windows\System32\rasadhlp.dll
0x00007ff8a4860000 - 0x00007ff8a48d7000 	C:\WINDOWS\System32\fwpuclnt.dll
0x00007ff8ac030000 - 0x00007ff8ac0bf000 	C:\WINDOWS\system32\apphelp.dll

VM Arguments:
jvm_args: -Xmx2048m -Dfile.encoding=UTF-8 -Duser.country=CN -Duser.language=zh -Duser.variant 
java_command: org.gradle.launcher.daemon.bootstrap.GradleDaemon 6.5
java_class_path (initial): D:\Android\.gradle\wrapper\dists\gradle-6.5-bin\6nifqtx7604sqp1q6g8wikw7p\gradle-6.5\lib\gradle-launcher-6.5.jar
Launcher Type: SUN_STANDARD

Environment Variables:
JAVA_HOME=C:\Program Files\Java\jdk-14.0.2
CLASSPATH=.;C:\Program Files\Java\jdk-14.0.2\lib\dt.jar;C:\Program Files\Java\jdk-14.0.2\lib\tools.jar;
PATH=C:\WINDOWS\system32;C:\WINDOWS;C:\WINDOWS\System32\Wbem;C:\WINDOWS\System32\WindowsPowerShell\v1.0\;E:\AndroidSDK\platform-tools;C:\Users\26812\AppData\Local\Microsoft\WindowsApps;C:\Users\26812\AppData\Local\Programs\Microsoft VS Code\bin;C:\Program Files\Java\jdk-14.0.2\bin;C:\Program Files\Java\jdk-14.0.2\jre\bin;
USERNAME=26812
OS=Windows_NT
PROCESSOR_IDENTIFIER=Intel64 Family 6 Model 158 Stepping 10, GenuineIntel



---------------  S Y S T E M  ---------------

OS: Windows 10.0 , 64 bit Build 18362 (10.0.18362.1110)

CPU:total 12 (initial active 12) (6 cores per cpu, 2 threads per core) family 6 model 158 stepping 10, cmov, cx8, fxsr, mmx, sse, sse2, sse3, ssse3, sse4.1, sse4.2, popcnt, avx, avx2, aes, clmul, erms, 3dnowpref, lzcnt, ht, tsc, tscinvbit, bmi1, bmi2, adx

Memory: 4k page, physical 8258868k(508728k free), swap 16123184k(7544k free)

vm_info: OpenJDK 64-Bit Server VM (25.242-b01) for windows-amd64 JRE (1.8.0_242-release-1644-b01), built by "builder" with MS VC++ 10.0 (VS2010)

time: Tue Dec 01 16:52:17 2020
timezone: 中国标准时间
elapsed time: 3245 seconds (0d 0h 54m 5s)

